SF:lib/data/models/weather_model.dart
DA:10,3
DA:20,4
DA:21,4
DA:22,4
DA:23,4
DA:26,4
DA:27,4
DA:28,4
DA:29,4
DA:32,2
DA:33,8
LF:11
LH:11
end_of_record
SF:lib/data/models/astro_model.dart
DA:5,7
DA:21,4
DA:22,2
DA:23,2
DA:24,2
DA:25,2
DA:26,2
DA:27,2
DA:30,4
DA:31,2
DA:32,2
DA:33,2
DA:34,2
DA:35,2
DA:36,2
DA:38,2
DA:39,2
DA:40,2
DA:41,2
DA:42,2
DA:43,2
DA:44,2
DA:45,2
LF:23
LH:23
end_of_record
SF:lib/data/models/condition_model.dart
DA:5,7
DA:15,4
DA:16,2
DA:17,2
DA:18,2
DA:21,4
DA:22,2
DA:23,2
DA:24,2
DA:27,2
DA:28,8
LF:11
LH:11
end_of_record
SF:lib/data/models/current_model.dart
DA:6,7
DA:56,4
DA:57,2
DA:58,2
DA:59,4
DA:60,4
DA:61,2
DA:62,4
DA:63,4
DA:64,4
DA:65,2
DA:66,2
DA:67,4
DA:68,4
DA:69,2
DA:70,2
DA:71,2
DA:72,2
DA:73,4
DA:74,4
DA:75,4
DA:76,4
DA:77,4
DA:78,4
DA:79,4
DA:82,4
DA:83,2
DA:84,2
DA:85,2
DA:86,2
DA:87,2
DA:88,4
DA:89,2
DA:90,2
DA:91,2
DA:92,2
DA:93,2
DA:94,2
DA:95,2
DA:96,2
DA:97,2
DA:98,2
DA:99,2
DA:100,2
DA:101,2
DA:102,2
DA:103,2
DA:104,2
DA:105,2
DA:108,2
DA:109,2
DA:110,2
DA:111,2
DA:112,2
DA:113,2
DA:114,2
DA:115,2
DA:116,2
DA:117,2
DA:118,2
DA:119,2
DA:120,2
DA:121,2
DA:122,2
DA:123,2
DA:124,2
DA:125,2
DA:126,2
DA:127,2
DA:128,2
DA:129,2
DA:130,2
DA:131,2
DA:132,2
LF:74
LH:74
end_of_record
SF:lib/data/models/day_model.dart
DA:7,7
DA:49,4
DA:50,4
DA:51,4
DA:52,4
DA:53,4
DA:54,4
DA:55,4
DA:56,4
DA:57,4
DA:58,4
DA:59,4
DA:60,4
DA:61,4
DA:62,4
DA:63,2
DA:64,2
DA:65,2
DA:66,2
DA:67,4
DA:68,4
DA:71,4
DA:72,2
DA:73,2
DA:74,2
DA:75,2
DA:76,2
DA:77,2
DA:78,2
DA:79,2
DA:80,2
DA:81,2
DA:82,2
DA:83,2
DA:84,2
DA:85,2
DA:86,2
DA:87,2
DA:88,2
DA:89,4
DA:90,2
DA:93,2
DA:94,2
DA:95,2
DA:96,2
DA:97,2
DA:98,2
DA:99,2
DA:100,2
DA:101,2
DA:102,2
DA:103,2
DA:104,2
DA:105,2
DA:106,2
DA:107,2
DA:108,2
DA:109,2
DA:110,2
DA:111,2
DA:112,2
DA:113,2
LF:62
LH:62
end_of_record
SF:lib/data/models/forecast_model.dart
DA:6,3
DA:12,4
DA:13,2
DA:14,8
DA:17,2
DA:18,12
DA:20,2
DA:21,4
LF:8
LH:8
end_of_record
SF:lib/data/models/forecastd_day_model.dart
DA:8,3
DA:22,2
DA:23,2
DA:24,4
DA:25,2
DA:26,4
DA:27,4
DA:28,2
DA:29,8
DA:32,4
DA:33,2
DA:34,2
DA:35,4
DA:36,4
DA:37,10
DA:39,2
DA:40,2
DA:41,2
DA:42,2
DA:43,2
DA:44,2
DA:45,2
LF:22
LH:22
end_of_record
SF:lib/data/models/hour_model.dart
DA:6,7
DA:76,4
DA:77,2
DA:78,2
DA:79,4
DA:80,4
DA:81,2
DA:82,4
DA:83,4
DA:84,4
DA:85,2
DA:86,2
DA:87,4
DA:88,4
DA:89,4
DA:90,2
DA:91,2
DA:92,2
DA:93,4
DA:94,4
DA:95,4
DA:96,4
DA:97,4
DA:98,4
DA:99,4
DA:100,4
DA:101,2
DA:102,2
DA:103,2
DA:104,2
DA:105,4
DA:106,4
DA:107,4
DA:108,4
DA:109,4
DA:112,4
DA:113,2
DA:114,2
DA:115,2
DA:116,2
DA:117,2
DA:118,4
DA:119,2
DA:120,2
DA:121,2
DA:122,2
DA:123,2
DA:124,2
DA:125,2
DA:126,2
DA:127,2
DA:128,2
DA:129,2
DA:130,2
DA:131,2
DA:132,2
DA:133,2
DA:134,2
DA:135,2
DA:136,2
DA:137,2
DA:138,2
DA:139,2
DA:140,2
DA:141,2
DA:142,2
DA:143,2
DA:144,2
DA:145,2
DA:148,2
DA:149,2
DA:150,2
DA:151,2
DA:152,2
DA:153,2
DA:154,2
DA:155,2
DA:156,2
DA:157,2
DA:158,2
DA:159,2
DA:160,2
DA:161,2
DA:162,2
DA:163,2
DA:164,2
DA:165,2
DA:166,2
DA:167,2
DA:168,2
DA:169,2
DA:170,2
DA:171,2
DA:172,2
DA:173,2
DA:174,2
DA:175,2
DA:176,2
DA:177,2
DA:178,2
DA:179,2
DA:180,2
DA:181,2
DA:182,2
LF:104
LH:104
end_of_record
SF:lib/data/models/location_model.dart
DA:5,7
DA:25,4
DA:26,2
DA:27,2
DA:28,2
DA:29,4
DA:30,4
DA:31,2
DA:32,2
DA:33,2
DA:36,4
DA:37,2
DA:38,2
DA:39,2
DA:40,2
DA:41,2
DA:42,2
DA:43,2
DA:44,2
DA:47,2
DA:48,2
DA:49,2
DA:50,2
DA:51,2
DA:52,2
DA:53,2
DA:54,2
DA:55,2
DA:56,2
LF:29
LH:29
end_of_record
SF:lib/domain/entities/astro.dart
DA:4,7
DA:20,3
DA:21,3
DA:22,3
DA:23,3
DA:24,3
DA:25,3
DA:26,3
DA:27,3
LF:9
LH:9
end_of_record
SF:lib/domain/entities/condition.dart
DA:4,7
DA:14,3
DA:15,12
LF:3
LH:3
end_of_record
SF:lib/domain/entities/current.dart
DA:5,7
DA:55,3
DA:56,3
DA:57,3
DA:58,3
DA:59,3
DA:60,3
DA:61,3
DA:62,3
DA:63,3
DA:64,3
DA:65,3
DA:66,3
DA:67,3
DA:68,3
DA:69,3
DA:70,3
DA:71,3
DA:72,3
DA:73,3
DA:74,3
DA:75,3
DA:76,3
DA:77,3
DA:78,3
DA:79,3
LF:26
LH:26
end_of_record
SF:lib/domain/entities/day.dart
DA:5,7
DA:47,3
DA:48,3
DA:49,3
DA:50,3
DA:51,3
DA:52,3
DA:53,3
DA:54,3
DA:55,3
DA:56,3
DA:57,3
DA:58,3
DA:59,3
DA:60,3
DA:61,3
DA:62,3
DA:63,3
DA:64,3
DA:65,3
DA:66,3
DA:67,3
LF:22
LH:22
end_of_record
SF:lib/domain/entities/forecast.dart
DA:5,4
DA:11,3
DA:12,6
LF:3
LH:3
end_of_record
SF:lib/domain/entities/forecast_day.dart
DA:7,4
DA:21,3
DA:22,3
DA:23,3
DA:24,3
DA:25,3
DA:26,3
DA:27,3
LF:8
LH:8
end_of_record
SF:lib/domain/entities/hour_model.dart
DA:5,7
DA:75,3
DA:76,3
DA:77,3
DA:78,3
DA:79,3
DA:80,3
DA:81,3
DA:82,3
DA:83,3
DA:84,3
DA:85,3
DA:86,3
DA:87,3
DA:88,3
DA:89,3
DA:90,3
DA:91,3
DA:92,3
DA:93,3
DA:94,3
DA:95,3
DA:96,3
DA:97,3
DA:98,3
DA:99,3
DA:100,3
DA:101,3
DA:102,3
DA:103,3
DA:104,3
DA:105,3
DA:106,3
DA:107,3
DA:108,3
DA:109,3
LF:36
LH:36
end_of_record
SF:lib/domain/entities/location.dart
DA:4,7
DA:24,3
DA:25,3
DA:26,3
DA:27,3
DA:28,3
DA:29,3
DA:30,3
DA:31,3
DA:32,3
DA:33,3
LF:11
LH:11
end_of_record
SF:lib/domain/entities/weather.dart
DA:7,4
DA:17,3
DA:18,12
LF:3
LH:3
end_of_record
SF:lib/data/failure.dart
DA:4,7
DA:8,0
DA:9,0
DA:13,7
DA:17,6
DA:21,0
LF:6
LH:3
end_of_record
SF:lib/data/repositories/weather_repository_impl.dart
DA:12,1
DA:15,1
DA:17,3
DA:18,2
DA:19,1
DA:21,1
LF:6
LH:6
end_of_record
SF:lib/data/datasources/remote_data_source.dart
DA:14,1
DA:17,1
DA:19,5
DA:21,2
DA:22,3
DA:25,1
LF:6
LH:6
end_of_record
SF:lib/domain/use_cases/get_current_weather.dart
DA:9,1
DA:11,1
DA:12,2
LF:3
LH:3
end_of_record
SF:lib/data/constants.dart
DA:6,1
DA:7,1
DA:9,0
DA:10,0
LF:4
LH:2
end_of_record
SF:lib/presentation/bloc/weather_bloc.dart
DA:12,3
DA:13,1
DA:14,1
DA:15,1
DA:17,2
DA:19,3
DA:20,1
DA:21,1
DA:22,3
DA:24,1
DA:25,2
DA:29,1
DA:52,1
DA:53,3
LF:14
LH:14
end_of_record
SF:lib/presentation/bloc/weather_event.dart
DA:4,3
DA:6,0
DA:7,0
DA:13,3
DA:15,1
DA:16,2
LF:6
LH:4
end_of_record
SF:lib/presentation/bloc/weather_state.dart
DA:5,3
DA:7,1
DA:8,1
DA:18,2
DA:20,1
DA:21,2
DA:27,1
DA:29,1
DA:30,2
LF:9
LH:9
end_of_record
SF:lib/presentation/pages/weather_page.dart
DA:12,1
DA:14,1
DA:16,1
DA:17,1
DA:18,1
DA:20,1
DA:21,1
DA:23,1
DA:25,1
DA:26,1
DA:27,1
DA:28,1
DA:32,1
DA:36,0
DA:37,0
DA:40,0
DA:41,0
DA:43,0
DA:45,0
DA:48,0
DA:50,0
LF:21
LH:13
end_of_record
SF:lib/presentation/pages/components/app_text_componet.dart
DA:13,0
DA:22,0
DA:24,0
DA:26,0
DA:27,0
DA:28,0
DA:29,0
DA:32,0
DA:33,0
DA:34,0
DA:35,0
LF:11
LH:0
end_of_record
SF:lib/presentation/pages/components/barometer_widget.dart
DA:10,0
DA:13,0
DA:15,0
DA:17,0
DA:19,0
DA:21,0
DA:22,0
DA:24,0
DA:26,0
DA:31,0
DA:35,0
DA:36,0
DA:38,0
DA:40,0
DA:41,0
DA:43,0
DA:47,0
DA:49,0
DA:53,0
DA:55,0
DA:57,0
LF:21
LH:0
end_of_record
SF:lib/presentation/pages/components/custom_list_tile.dart
DA:12,0
DA:19,0
DA:21,0
DA:23,0
DA:24,0
DA:25,0
DA:26,0
DA:27,0
DA:29,0
DA:30,0
DA:31,0
DA:32,0
DA:38,0
DA:39,0
LF:14
LH:0
end_of_record
SF:lib/presentation/pages/components/carousel_widget.dart
DA:9,0
DA:12,0
DA:14,0
DA:16,0
DA:18,0
DA:22,0
DA:23,0
DA:24,0
DA:25,0
DA:27,0
DA:28,0
DA:29,0
DA:30,0
DA:32,0
DA:35,0
DA:36,0
DA:38,0
DA:41,0
DA:43,0
DA:47,0
DA:48,0
DA:52,0
DA:54,0
LF:23
LH:0
end_of_record
SF:lib/presentation/pages/components/city_info_widget.dart
DA:10,0
DA:13,0
DA:15,0
DA:17,0
DA:19,0
DA:20,0
DA:21,0
DA:22,0
DA:27,0
DA:29,0
DA:30,0
DA:31,0
DA:33,0
DA:38,0
DA:39,0
DA:44,0
DA:47,0
DA:48,0
DA:50,0
DA:52,0
DA:54,0
LF:21
LH:0
end_of_record
SF:lib/presentation/pages/components/header_widget.dart
DA:8,2
DA:10,1
DA:12,1
DA:14,1
DA:16,1
DA:17,1
DA:18,1
DA:19,1
DA:20,3
DA:21,1
DA:24,1
DA:26,2
DA:36,1
DA:37,1
DA:38,1
DA:39,1
DA:41,1
DA:44,0
LF:18
LH:17
end_of_record
SF:lib/presentation/pages/components/wind_widget.dart
DA:10,0
DA:13,0
DA:15,0
DA:17,0
DA:19,0
DA:21,0
DA:22,0
DA:24,0
DA:26,0
DA:31,0
DA:35,0
DA:36,0
DA:38,0
DA:40,0
DA:41,0
DA:42,0
DA:44,0
LF:17
LH:0
end_of_record
